Build started 19.6.2015 г. 01:31:46 ч..
     1>Project "D:\c++\snake\snake\snake.vcxproj" on node 2 (Build target(s)).
     1>ClCompile:
         C:\Program Files (x86)\Microsoft Visual Studio 12.0\VC\bin\CL.exe /c /Zi /nologo /W3 /WX- /sdl /O2 /Oi /Oy- /GL /D _MBCS /Gm- /EHsc /MD /GS /Gy /fp:precise /Zc:wchar_t /Zc:forScope /Fo"Release\\" /Fd"Release\vc120.pdb" /Gd /TP /analyze- /errorReport:prompt Game.cpp
         Game.cpp
       Link:
         C:\Program Files (x86)\Microsoft Visual Studio 12.0\VC\bin\link.exe /ERRORREPORT:PROMPT /OUT:"D:\c++\snake\Release\snake.exe" /NOLOGO kernel32.lib user32.lib gdi32.lib winspool.lib comdlg32.lib advapi32.lib shell32.lib ole32.lib oleaut32.lib uuid.lib odbc32.lib odbccp32.lib /MANIFEST /MANIFESTUAC:"level='asInvoker' uiAccess='false'" /manifest:embed /DEBUG /PDB:"D:\c++\snake\Release\snake.pdb" /OPT:REF /OPT:ICF /LTCG /TLBID:1 /DYNAMICBASE /NXCOMPAT /IMPLIB:"D:\c++\snake\Release\snake.lib" /MACHINE:X86 /SAFESEH Release\Board.obj
         Release\Change.obj
         Release\Food.obj
         Release\Game.obj
         Release\GameInput.obj
         Release\GameOutput.obj
         Release\Snake.obj
         Release\main.obj
         Generating code
         Finished generating code
         snake.vcxproj -> D:\c++\snake\Release\snake.exe
     1>Done Building Project "D:\c++\snake\snake\snake.vcxproj" (Build target(s)).

Build succeeded.

Time Elapsed 00:00:04.45
