Build started 8.6.2015 г. 23:30:05 ч..
     1>Project "D:\c++\snake\snake\snake.vcxproj" on node 2 (Build target(s)).
     1>ClCompile:
         C:\Program Files (x86)\Microsoft Visual Studio 12.0\VC\bin\CL.exe /c /ZI /nologo /W3 /WX- /sdl /Od /Oy- /D _MBCS /Gm /EHsc /RTC1 /MDd /GS /fp:precise /Zc:wchar_t /Zc:forScope /Fo"Debug\\" /Fd"Debug\vc120.pdb" /Gd /TP /analyze- /errorReport:prompt Board.cpp Change.cpp Food.cpp Game.cpp main.cpp
         Board.cpp
         Generating Code...
         Compiling...
         main.cpp
         Game.cpp
         Food.cpp
     1>d:\c++\snake\snake\food.cpp(6): warning C4244: 'argument' : conversion from 'time_t' to 'unsigned int', possible loss of data
     1>d:\c++\snake\snake\food.cpp(19): warning C4244: 'argument' : conversion from 'time_t' to 'unsigned int', possible loss of data
         Change.cpp
         Generating Code...
       Link:
         C:\Program Files (x86)\Microsoft Visual Studio 12.0\VC\bin\link.exe /ERRORREPORT:PROMPT /OUT:"D:\c++\snake\Debug\snake.exe" /INCREMENTAL /NOLOGO kernel32.lib user32.lib gdi32.lib winspool.lib comdlg32.lib advapi32.lib shell32.lib ole32.lib oleaut32.lib uuid.lib odbc32.lib odbccp32.lib /MANIFEST /MANIFESTUAC:"level='asInvoker' uiAccess='false'" /manifest:embed /DEBUG /PDB:"D:\c++\snake\Debug\snake.pdb" /TLBID:1 /DYNAMICBASE /NXCOMPAT /IMPLIB:"D:\c++\snake\Debug\snake.lib" /MACHINE:X86 Debug\Board.obj
         Debug\Change.obj
         Debug\Food.obj
         Debug\Game.obj
         Debug\GameInput.obj
         Debug\GameOutput.obj
         Debug\Snake.obj
         Debug\main.obj
         snake.vcxproj -> D:\c++\snake\Debug\snake.exe
     1>Done Building Project "D:\c++\snake\snake\snake.vcxproj" (Build target(s)).

Build succeeded.

Time Elapsed 00:00:02.67
